#
# A fatal error has been detected by the Java Runtime Environment:
#
#  Internal Error (javaCalls.cpp:51), pid=14044, tid=0x00000000000037bc
#  guarantee(thread->is_Java_thread()) failed: crucial check - the VM thread cannot and must not escape to Java code
#
# JRE version: Java(TM) SE Runtime Environment (8.0_231-b11) (build 1.8.0_231-b11)
# Java VM: Java HotSpot(TM) 64-Bit Server VM (25.231-b11 mixed mode windows-amd64 compressed oops)
# Failed to write core dump. Minidumps are not enabled by default on client versions of Windows
#
# If you would like to submit a bug report, please visit:
#   http://bugreport.java.com/bugreport/crash.jsp
#

---------------  T H R E A D  ---------------

Current thread (0x000000001c087800):  VMThread [stack: 0x000000001d120000,0x000000001d220000] [id=14268]

Stack: [0x000000001d120000,0x000000001d220000]
[error occurred during error reporting (printing stack bounds), id 0xc0000005]

Native frames: (J=compiled Java code, j=interpreted, Vv=VM code, C=native code)

VM_Operation (0x000000001db6f590): GetOrSetLocal, mode: safepoint, requested by thread 0x000000001c0da000


---------------  P R O C E S S  ---------------

Java Threads: ( => current thread )
  0x0000000027980800 JavaThread "DestroyJavaVM" [_thread_blocked, id=6160, stack(0x0000000002750000,0x0000000002850000)]
  0x0000000027982000 JavaThread "http-nio-8080-Acceptor" daemon [_thread_in_native, id=6756, stack(0x000000002eee0000,0x000000002efe0000)]
  0x0000000027983800 JavaThread "http-nio-8080-Poller" daemon [_thread_in_native, id=9036, stack(0x000000002ede0000,0x000000002eee0000)]
  0x0000000027983000 JavaThread "http-nio-8080-exec-10" daemon [_thread_blocked, id=8640, stack(0x000000002ece0000,0x000000002ede0000)]
  0x000000002797a000 JavaThread "http-nio-8080-exec-9" daemon [_thread_blocked, id=14824, stack(0x000000002ebe0000,0x000000002ece0000)]
  0x000000002797d000 JavaThread "http-nio-8080-exec-8" daemon [_thread_blocked, id=16320, stack(0x000000002eae0000,0x000000002ebe0000)]
  0x000000002797b800 JavaThread "http-nio-8080-exec-7" daemon [_thread_blocked, id=7288, stack(0x000000002e9e0000,0x000000002eae0000)]
  0x000000002797a800 JavaThread "http-nio-8080-exec-6" daemon [_thread_blocked, id=5392, stack(0x000000002e8e0000,0x000000002e9e0000)]
  0x000000002797e800 JavaThread "http-nio-8080-exec-5" daemon [_thread_blocked, id=12920, stack(0x000000002d970000,0x000000002da70000)]
  0x000000002797c000 JavaThread "http-nio-8080-exec-4" daemon [_thread_blocked, id=13656, stack(0x000000002d590000,0x000000002d690000)]
  0x0000000027979000 JavaThread "http-nio-8080-exec-3" daemon [_thread_blocked, id=13060, stack(0x000000002d490000,0x000000002d590000)]
  0x0000000027980000 JavaThread "http-nio-8080-exec-2" daemon [_thread_blocked, id=16052, stack(0x000000002d390000,0x000000002d490000)]
  0x000000002797f000 JavaThread "http-nio-8080-exec-1" daemon [_thread_blocked, id=16064, stack(0x000000002cbe0000,0x000000002cce0000)]
  0x000000002797d800 JavaThread "Live Reload Server" daemon [_thread_in_native, id=13180, stack(0x000000002c6e0000,0x000000002c7e0000)]
  0x000000001f5d8000 JavaThread "File Watcher" daemon [_thread_blocked, id=14884, stack(0x000000002c120000,0x000000002c220000)]
  0x000000001f5de000 JavaThread "HikariPool-1 housekeeper" daemon [_thread_blocked, id=15624, stack(0x00000000287e0000,0x00000000288e0000)]
  0x000000001f5dc800 JavaThread "InterruptTimer" daemon [_thread_blocked, id=6464, stack(0x00000000286e0000,0x00000000287e0000)]
  0x000000001f5db000 JavaThread "oracle.jdbc.driver.BlockSource.ThreadedCachingBlockSource.BlockReleaser" daemon [_thread_blocked, id=15572, stack(0x0000000024ca0000,0x0000000024da0000)]
  0x000000001f5dc000 JavaThread "Timer-0" daemon [_thread_blocked, id=16224, stack(0x00000000205c0000,0x00000000206c0000)]
  0x00000000216c2000 JavaThread "container-0" [_thread_blocked, id=15876, stack(0x0000000027400000,0x0000000027500000)]
  0x000000001e41a800 JavaThread "Catalina-utility-2" [_thread_blocked, id=2572, stack(0x0000000027300000,0x0000000027400000)]
  0x0000000026141000 JavaThread "Catalina-utility-1" [_thread_blocked, id=15628, stack(0x00000000218c0000,0x00000000219c0000)]
  0x000000001e2b3800 JavaThread "Service Thread" daemon [_thread_blocked, id=7428, stack(0x000000001ec70000,0x000000001ed70000)]
  0x000000001e2a6800 JavaThread "C1 CompilerThread2" daemon [_thread_blocked, id=4916, stack(0x000000001eb70000,0x000000001ec70000)]
  0x000000001e29b800 JavaThread "C2 CompilerThread1" daemon [_thread_blocked, id=15656, stack(0x000000001ea70000,0x000000001eb70000)]
  0x000000001e299000 JavaThread "C2 CompilerThread0" daemon [_thread_blocked, id=10700, stack(0x000000001e970000,0x000000001ea70000)]
  0x000000001c0e9000 JavaThread "JDWP Command Reader" daemon [_thread_in_native, id=15868, stack(0x000000001dc70000,0x000000001dd70000)]
  0x000000001c0e5800 JavaThread "JDWP Event Helper Thread" daemon [_thread_blocked, id=7700, stack(0x000000001db70000,0x000000001dc70000)]
  0x000000001c0da000 JavaThread "JDWP Transport Listener: dt_socket" daemon [_thread_blocked, id=9252, stack(0x000000001da70000,0x000000001db70000)]
  0x000000001c0d1000 JavaThread "Attach Listener" daemon [_thread_blocked, id=3468, stack(0x000000001d630000,0x000000001d730000)]
  0x000000001c0cf000 JavaThread "Signal Dispatcher" daemon [_thread_blocked, id=15984, stack(0x000000001d530000,0x000000001d630000)]
  0x000000000294a000 JavaThread "Finalizer" daemon [_thread_blocked, id=14020, stack(0x000000001d320000,0x000000001d420000)]
  0x0000000002947000 JavaThread "Reference Handler" daemon [_thread_blocked, id=14084, stack(0x000000001d220000,0x000000001d320000)]

Other Threads:
=>0x000000001c087800 VMThread [stack: 0x000000001d120000,0x000000001d220000] [id=14268]
  0x000000001e39c000 WatcherThread [stack: 0x000000001ed70000,0x000000001ee70000] [id=7484]

VM state:at safepoint (normal execution)

VM Mutex/Monitor currently owned by a thread:  ([mutex/lock_event])
[0x000000000264ccf0] Threads_lock - owner thread: 0x000000001c087800

heap address: 0x00000006c1c00000, size: 4068 MB, Compressed Oops mode: Zero based, Oop shift amount: 3
Narrow klass base: 0x0000000000000000, Narrow klass shift: 3
Compressed class space size: 1073741824 Address: 0x00000007c0000000

Heap:
 PSYoungGen      total 533504K, used 195950K [0x000000076b400000, 0x000000078d780000, 0x00000007c0000000)
  eden space 516608K, 34% used [0x000000076b400000,0x00000007762e35e8,0x000000078ac80000)
  from space 16896K, 99% used [0x000000078c700000,0x000000078d778450,0x000000078d780000)
  to   space 20480K, 0% used [0x000000078af80000,0x000000078af80000,0x000000078c380000)
 ParOldGen       total 163328K, used 29647K [0x00000006c1c00000, 0x00000006cbb80000, 0x000000076b400000)
  object space 163328K, 18% used [0x00000006c1c00000,0x00000006c38f3d28,0x00000006cbb80000)
 Metaspace       used 77595K, capacity 81696K, committed 81944K, reserved 1120256K
  class space    used 10306K, capacity 11001K, committed 11056K, reserved 1048576K

Card table byte_map: [0x0000000011eb0000,0x00000000126b0000] byte_map_base: 0x000000000e8a2000

Marking Bits: (ParMarkBitMap*) 0x0000000050ee6d90
 Begin Bits: [0x0000000013000000, 0x0000000016f90000)
 End Bits:   [0x0000000016f90000, 0x000000001af20000)

Polling page: 0x0000000000c90000

CodeCache: size=245760Kb used=22827Kb max_used=24009Kb free=222932Kb
 bounds [0x0000000002af0000, 0x00000000042a0000, 0x0000000011af0000]
 total_blobs=7361 nmethods=6726 adapters=553
 compilation: enabled

Compilation events (10 events):
Event: 96.407 Thread 0x000000001e2a6800 7922       1       java.util.concurrent.ThreadPoolExecutor::getQueue (5 bytes)
Event: 96.407 Thread 0x000000001e2a6800 nmethod 7922 0x0000000003c16b90 code [0x0000000003c16ce0, 0x0000000003c16df0]
Event: 105.687 Thread 0x000000001e2a6800 7923       3       java.util.concurrent.locks.ReentrantLock$Sync::isHeldExclusively (16 bytes)
Event: 105.687 Thread 0x000000001e2a6800 nmethod 7923 0x000000000368cf90 code [0x000000000368d0e0, 0x000000000368d350]
Event: 105.766 Thread 0x000000001e2a6800 7924       3       java.util.concurrent.locks.AbstractQueuedSynchronizer$ConditionObject::signal (33 bytes)
Event: 105.766 Thread 0x000000001e2a6800 nmethod 7924 0x0000000002e48c10 code [0x0000000002e48da0, 0x0000000002e49128]
Event: 105.766 Thread 0x000000001e2a6800 7925       3       java.util.concurrent.ConcurrentHashMap::values (27 bytes)
Event: 105.766 Thread 0x000000001e2a6800 nmethod 7925 0x0000000003344450 code [0x00000000033445c0, 0x0000000003344910]
Event: 111.199 Thread 0x000000001e299000 7926       4       java.util.HashMap::entrySet (27 bytes)
Event: 111.200 Thread 0x000000001e299000 nmethod 7926 0x000000000368cc10 code [0x000000000368cd60, 0x000000000368ce58]

GC Heap History (10 events):
Event: 4.885 GC heap before
{Heap before GC invocations=9 (full 2):
 PSYoungGen      total 268800K, used 9211K [0x000000076b400000, 0x0000000784e80000, 0x00000007c0000000)
  eden space 259584K, 0% used [0x000000076b400000,0x000000076b400000,0x000000077b180000)
  from space 9216K, 99% used [0x000000077b180000,0x000000077ba7ec00,0x000000077ba80000)
  to   space 12288K, 0% used [0x0000000784280000,0x0000000784280000,0x0000000784e80000)
 ParOldGen       total 84992K, used 9461K [0x00000006c1c00000, 0x00000006c6f00000, 0x000000076b400000)
  object space 84992K, 11% used [0x00000006c1c00000,0x00000006c253d428,0x00000006c6f00000)
 Metaspace       used 33376K, capacity 35418K, committed 35496K, reserved 1079296K
  class space    used 4315K, capacity 4727K, committed 4784K, reserved 1048576K
Event: 4.939 GC heap after
Heap after GC invocations=9 (full 2):
 PSYoungGen      total 268800K, used 0K [0x000000076b400000, 0x0000000784e80000, 0x00000007c0000000)
  eden space 259584K, 0% used [0x000000076b400000,0x000000076b400000,0x000000077b180000)
  from space 9216K, 0% used [0x000000077b180000,0x000000077b180000,0x000000077ba80000)
  to   space 12288K, 0% used [0x0000000784280000,0x0000000784280000,0x0000000784e80000)
 ParOldGen       total 125952K, used 17008K [0x00000006c1c00000, 0x00000006c9700000, 0x000000076b400000)
  object space 125952K, 13% used [0x00000006c1c00000,0x00000006c2c9c268,0x00000006c9700000)
 Metaspace       used 33376K, capacity 35418K, committed 35496K, reserved 1079296K
  class space    used 4315K, capacity 4727K, committed 4784K, reserved 1048576K
}
Event: 8.085 GC heap before
{Heap before GC invocations=10 (full 2):
 PSYoungGen      total 268800K, used 259584K [0x000000076b400000, 0x0000000784e80000, 0x00000007c0000000)
  eden space 259584K, 100% used [0x000000076b400000,0x000000077b180000,0x000000077b180000)
  from space 9216K, 0% used [0x000000077b180000,0x000000077b180000,0x000000077ba80000)
  to   space 12288K, 0% used [0x0000000784280000,0x0000000784280000,0x0000000784e80000)
 ParOldGen       total 125952K, used 17008K [0x00000006c1c00000, 0x00000006c9700000, 0x000000076b400000)
  object space 125952K, 13% used [0x00000006c1c00000,0x00000006c2c9c268,0x00000006c9700000)
 Metaspace       used 45978K, capacity 48342K, committed 48680K, reserved 1091584K
  class space    used 5896K, capacity 6328K, committed 6448K, reserved 1048576K
Event: 8.099 GC heap after
Heap after GC invocations=10 (full 2):
 PSYoungGen      total 406016K, used 12287K [0x000000076b400000, 0x0000000786680000, 0x00000007c0000000)
  eden space 393728K, 0% used [0x000000076b400000,0x000000076b400000,0x0000000783480000)
  from space 12288K, 99% used [0x0000000784280000,0x0000000784e7fde8,0x0000000784e80000)
  to   space 14336K, 0% used [0x0000000783480000,0x0000000783480000,0x0000000784280000)
 ParOldGen       total 125952K, used 18827K [0x00000006c1c00000, 0x00000006c9700000, 0x000000076b400000)
  object space 125952K, 14% used [0x00000006c1c00000,0x00000006c2e62f18,0x00000006c9700000)
 Metaspace       used 45978K, capacity 48342K, committed 48680K, reserved 1091584K
  class space    used 5896K, capacity 6328K, committed 6448K, reserved 1048576K
}
Event: 9.372 GC heap before
{Heap before GC invocations=11 (full 2):
 PSYoungGen      total 406016K, used 167080K [0x000000076b400000, 0x0000000786680000, 0x00000007c0000000)
  eden space 393728K, 39% used [0x000000076b400000,0x0000000774b2a2c8,0x0000000783480000)
  from space 12288K, 99% used [0x0000000784280000,0x0000000784e7fde8,0x0000000784e80000)
  to   space 14336K, 0% used [0x0000000783480000,0x0000000783480000,0x0000000784280000)
 ParOldGen       total 125952K, used 18827K [0x00000006c1c00000, 0x00000006c9700000, 0x000000076b400000)
  object space 125952K, 14% used [0x00000006c1c00000,0x00000006c2e62f18,0x00000006c9700000)
 Metaspace       used 56392K, capacity 58878K, committed 59160K, reserved 1099776K
  class space    used 7534K, capacity 7964K, committed 7984K, reserved 1048576K
Event: 9.386 GC heap after
Heap after GC invocations=11 (full 2):
 PSYoungGen      total 408064K, used 14305K [0x000000076b400000, 0x000000078d780000, 0x00000007c0000000)
  eden space 393728K, 0% used [0x000000076b400000,0x000000076b400000,0x0000000783480000)
  from space 14336K, 99% used [0x0000000783480000,0x0000000784278768,0x0000000784280000)
  to   space 16896K, 0% used [0x000000078c700000,0x000000078c700000,0x000000078d780000)
 ParOldGen       total 125952K, used 20195K [0x00000006c1c00000, 0x00000006c9700000, 0x000000076b400000)
  object space 125952K, 16% used [0x00000006c1c00000,0x00000006c2fb8f90,0x00000006c9700000)
 Metaspace       used 56392K, capacity 58878K, committed 59160K, reserved 1099776K
  class space    used 7534K, capacity 7964K, committed 7984K, reserved 1048576K
}
Event: 9.386 GC heap before
{Heap before GC invocations=12 (full 3):
 PSYoungGen      total 408064K, used 14305K [0x000000076b400000, 0x000000078d780000, 0x00000007c0000000)
  eden space 393728K, 0% used [0x000000076b400000,0x000000076b400000,0x0000000783480000)
  from space 14336K, 99% used [0x0000000783480000,0x0000000784278768,0x0000000784280000)
  to   space 16896K, 0% used [0x000000078c700000,0x000000078c700000,0x000000078d780000)
 ParOldGen       total 125952K, used 20195K [0x00000006c1c00000, 0x00000006c9700000, 0x000000076b400000)
  object space 125952K, 16% used [0x00000006c1c00000,0x00000006c2fb8f90,0x00000006c9700000)
 Metaspace       used 56392K, capacity 58878K, committed 59160K, reserved 1099776K
  class space    used 7534K, capacity 7964K, committed 7984K, reserved 1048576K
Event: 9.462 GC heap after
Heap after GC invocations=12 (full 3):
 PSYoungGen      total 408064K, used 0K [0x000000076b400000, 0x000000078d780000, 0x00000007c0000000)
  eden space 393728K, 0% used [0x000000076b400000,0x000000076b400000,0x0000000783480000)
  from space 14336K, 0% used [0x0000000783480000,0x0000000783480000,0x0000000784280000)
  to   space 16896K, 0% used [0x000000078c700000,0x000000078c700000,0x000000078d780000)
 ParOldGen       total 163328K, used 25800K [0x00000006c1c00000, 0x00000006cbb80000, 0x000000076b400000)
  object space 163328K, 15% used [0x00000006c1c00000,0x00000006c35323d0,0x00000006cbb80000)
 Metaspace       used 56392K, capacity 58878K, committed 59160K, reserved 1099776K
  class space    used 7534K, capacity 7964K, committed 7984K, reserved 1048576K
}
Event: 12.312 GC heap before
{Heap before GC invocations=13 (full 3):
 PSYoungGen      total 408064K, used 393728K [0x000000076b400000, 0x000000078d780000, 0x00000007c0000000)
  eden space 393728K, 100% used [0x000000076b400000,0x0000000783480000,0x0000000783480000)
  from space 14336K, 0% used [0x0000000783480000,0x0000000783480000,0x0000000784280000)
  to   space 16896K, 0% used [0x000000078c700000,0x000000078c700000,0x000000078d780000)
 ParOldGen       total 163328K, used 25800K [0x00000006c1c00000, 0x00000006cbb80000, 0x000000076b400000)
  object space 163328K, 15% used [0x00000006c1c00000,0x00000006c35323d0,0x00000006cbb80000)
 Metaspace       used 70252K, capacity 74022K, committed 74264K, reserved 1114112K
  class space    used 9380K, capacity 9974K, committed 10032K, reserved 1048576K
Event: 12.334 GC heap after
Heap after GC invocations=13 (full 3):
 PSYoungGen      total 533504K, used 16865K [0x000000076b400000, 0x000000078d780000, 0x00000007c0000000)
  eden space 516608K, 0% used [0x000000076b400000,0x000000076b400000,0x000000078ac80000)
  from space 16896K, 99% used [0x000000078c700000,0x000000078d778450,0x000000078d780000)
  to   space 20480K, 0% used [0x000000078af80000,0x000000078af80000,0x000000078c380000)
 ParOldGen       total 163328K, used 29647K [0x00000006c1c00000, 0x00000006cbb80000, 0x000000076b400000)
  object space 163328K, 18% used [0x00000006c1c00000,0x00000006c38f3d28,0x00000006cbb80000)
 Metaspace       used 70252K, capacity 74022K, committed 74264K, reserved 1114112K
  class space    used 9380K, capacity 9974K, committed 10032K, reserved 1048576K
}

Deoptimization events (10 events):
Event: 40.406 Thread 0x0000000027983000 Uncommon trap: reason=unhandled action=none pc=0x0000000003505a20 method=java.net.URLClassLoader.findClass(Ljava/lang/String;)Ljava/lang/Class; @ 44
Event: 40.422 Thread 0x0000000027983000 Uncommon trap: reason=unhandled action=none pc=0x0000000004007470 method=java.lang.Class.getMethod(Ljava/lang/String;[Ljava/lang/Class;)Ljava/lang/reflect/Method; @ 61
Event: 40.424 Thread 0x0000000027983000 Uncommon trap: reason=unhandled action=none pc=0x0000000003505a20 method=java.net.URLClassLoader.findClass(Ljava/lang/String;)Ljava/lang/Class; @ 44
Event: 40.426 Thread 0x0000000027983000 Uncommon trap: reason=range_check action=none pc=0x0000000002ecb9a4 method=sun.reflect.generics.parser.SignatureParser.current()C @ 34
Event: 71.154 Thread 0x0000000027983000 Uncommon trap: reason=unstable_if action=reinterpret pc=0x0000000003e3230c method=java.lang.ClassLoader.preDefineClass(Ljava/lang/String;Ljava/security/ProtectionDomain;)Ljava/security/ProtectionDomain; @ 86
Event: 71.154 Thread 0x0000000027983000 Uncommon trap: reason=unstable_if action=reinterpret pc=0x0000000002e694cc method=org.eclipse.jdt.launching.internal.javaagent.Premain$1.transform(Ljava/lang/ClassLoader;Ljava/lang/String;Ljava/lang/Class;Ljava/security/ProtectionDomain;[B)[B @ 36
Event: 71.199 Thread 0x0000000027983000 Uncommon trap: reason=unhandled action=none pc=0x0000000003505a20 method=java.net.URLClassLoader.findClass(Ljava/lang/String;)Ljava/lang/Class; @ 44
Event: 71.202 Thread 0x0000000027983000 Uncommon trap: reason=unhandled action=none pc=0x0000000003505a20 method=java.net.URLClassLoader.findClass(Ljava/lang/String;)Ljava/lang/Class; @ 44
Event: 71.202 Thread 0x0000000027983000 Uncommon trap: reason=unhandled action=none pc=0x0000000003505a20 method=java.net.URLClassLoader.findClass(Ljava/lang/String;)Ljava/lang/Class; @ 44
Event: 71.224 Thread 0x0000000027983000 Uncommon trap: reason=unhandled action=none pc=0x0000000003505a20 method=java.net.URLClassLoader.findClass(Ljava/lang/String;)Ljava/lang/Class; @ 44

Classes redefined (10 events):
Event: 73.037 Thread 0x000000001c087800 redefined class name=ru.sartfoms.moattach.service.PersonService, count=1
Event: 73.059 Thread 0x000000001c087800 redefined class name=ru.sartfoms.moattach.service.PolicyService, count=1
Event: 73.082 Thread 0x000000001c087800 redefined class name=ru.sartfoms.moattach.service.RussiaMoService, count=1
Event: 73.104 Thread 0x000000001c087800 redefined class name=ru.sartfoms.moattach.service.SnilsService, count=1
Event: 73.127 Thread 0x000000001c087800 redefined class name=ru.sartfoms.moattach.service.AddressService, count=1
Event: 73.150 Thread 0x000000001c087800 redefined class name=ru.sartfoms.moattach.service.UserService, count=1
Event: 73.172 Thread 0x000000001c087800 redefined class name=ru.sartfoms.moattach.service.AttachOtherRegionsService, count=1
Event: 73.195 Thread 0x000000001c087800 redefined class name=ru.sartfoms.moattach.service.ExcelService, count=1
Event: 73.218 Thread 0x000000001c087800 redefined class name=ru.sartfoms.moattach.service.WordService, count=1
Event: 112.739 Thread 0x000000001c087800 redefined class name=ru.sartfoms.moattach.controller.LpuController, count=2

Internal exceptions (10 events):
Event: 40.398 Thread 0x0000000027983000 Exception <a 'java/lang/ArrayIndexOutOfBoundsException': 66> (0x0000000774d528c8) thrown at [C:\re\workspace\8-2-build-windows-amd64-cygwin\jdk8u231\13620\hotspot\src\share\vm\interpreter\interpreterRuntime.cpp, line 368]
Event: 40.398 Thread 0x0000000027983000 Exception <a 'java/lang/ArrayIndexOutOfBoundsException': 66> (0x0000000774d54558) thrown at [C:\re\workspace\8-2-build-windows-amd64-cygwin\jdk8u231\13620\hotspot\src\share\vm\interpreter\interpreterRuntime.cpp, line 368]
Event: 40.398 Thread 0x0000000027983000 Exception <a 'java/lang/ArrayIndexOutOfBoundsException': 66> (0x0000000774d578c0) thrown at [C:\re\workspace\8-2-build-windows-amd64-cygwin\jdk8u231\13620\hotspot\src\share\vm\interpreter\interpreterRuntime.cpp, line 368]
Event: 40.398 Thread 0x0000000027983000 Exception <a 'java/lang/ArrayIndexOutOfBoundsException': 66> (0x0000000774d59e10) thrown at [C:\re\workspace\8-2-build-windows-amd64-cygwin\jdk8u231\13620\hotspot\src\share\vm\interpreter\interpreterRuntime.cpp, line 368]
Event: 40.403 Thread 0x0000000027983000 Exception <a 'java/lang/ArrayIndexOutOfBoundsException': 474> (0x0000000774dd0030) thrown at [C:\re\workspace\8-2-build-windows-amd64-cygwin\jdk8u231\13620\hotspot\src\share\vm\interpreter\interpreterRuntime.cpp, line 368]
Event: 40.405 Thread 0x0000000027983000 Exception <a 'java/lang/ClassNotFoundException': java/lang/ObjectCustomizer> (0x0000000774de0780) thrown at [C:\re\workspace\8-2-build-windows-amd64-cygwin\jdk8u231\13620\hotspot\src\share\vm\classfile\systemDictionary.cpp, line 210]
Event: 40.407 Thread 0x0000000027983000 Exception <a 'java/lang/ClassNotFoundException': ru/sartfoms/moattach/model/AttachFormParametersCustomizer> (0x0000000774e02c78) thrown at [C:\re\workspace\8-2-build-windows-amd64-cygwin\jdk8u231\13620\hotspot\src\share\vm\classfile\systemDictionary.cpp, 
Event: 40.426 Thread 0x0000000027983000 Exception <a 'java/lang/ArrayIndexOutOfBoundsException': 80> (0x0000000774e67918) thrown at [C:\re\workspace\8-2-build-windows-amd64-cygwin\jdk8u231\13620\hotspot\src\share\vm\interpreter\interpreterRuntime.cpp, line 368]
Event: 71.154 Thread 0x0000000027983000 Implicit null exception at 0x0000000003e30b28 to 0x0000000003e322ed
Event: 71.154 Thread 0x0000000027983000 Implicit null exception at 0x0000000002e669f0 to 0x0000000002e69499

Events (10 events):
Event: 112.900 Executing VM operation: ChangeBreakpoints done
Event: 112.913 Executing VM operation: ChangeBreakpoints
Event: 112.915 Executing VM operation: ChangeBreakpoints done
Event: 112.929 Executing VM operation: ChangeBreakpoints
Event: 112.932 Executing VM operation: ChangeBreakpoints done
Event: 112.957 Executing VM operation: GetOwnedMonitorInfo
Event: 112.957 Executing VM operation: GetOwnedMonitorInfo done
Event: 112.957 Executing VM operation: GetCurrentContendedMonitor
Event: 112.957 Executing VM operation: GetCurrentContendedMonitor done
Event: 112.961 Executing VM operation: GetOrSetLocal


Dynamic libraries:
0x00007ff62b5b0000 - 0x00007ff62b5e7000 	C:\Program Files\Java\jdk1.8.0_231\bin\javaw.exe
0x00007ffbb9030000 - 0x00007ffbb9228000 	C:\WINDOWS\SYSTEM32\ntdll.dll
0x00007ffbb70f0000 - 0x00007ffbb71af000 	C:\WINDOWS\System32\KERNEL32.DLL
0x00007ffbb6840000 - 0x00007ffbb6b12000 	C:\WINDOWS\System32\KERNELBASE.dll
0x00007ffbb8f10000 - 0x00007ffbb8fbe000 	C:\WINDOWS\System32\ADVAPI32.dll
0x00007ffbb8e40000 - 0x00007ffbb8ede000 	C:\WINDOWS\System32\msvcrt.dll
0x00007ffbb7050000 - 0x00007ffbb70ec000 	C:\WINDOWS\System32\sechost.dll
0x00007ffbb8200000 - 0x00007ffbb8324000 	C:\WINDOWS\System32\RPCRT4.dll
0x00007ffbb7230000 - 0x00007ffbb73d1000 	C:\WINDOWS\System32\USER32.dll
0x00007ffbb6700000 - 0x00007ffbb6722000 	C:\WINDOWS\System32\win32u.dll
0x00007ffbb84f0000 - 0x00007ffbb851b000 	C:\WINDOWS\System32\GDI32.dll
0x00007ffbb6730000 - 0x00007ffbb683f000 	C:\WINDOWS\System32\gdi32full.dll
0x00007ffbb6eb0000 - 0x00007ffbb6f4d000 	C:\WINDOWS\System32\msvcp_win.dll
0x00007ffbb6db0000 - 0x00007ffbb6eb0000 	C:\WINDOWS\System32\ucrtbase.dll
0x00007ffbb3900000 - 0x00007ffbb3b9a000 	C:\WINDOWS\WinSxS\amd64_microsoft.windows.common-controls_6595b64144ccf1df_6.0.19041.1110_none_60b5254171f9507e\COMCTL32.dll
0x00007ffbb8ee0000 - 0x00007ffbb8f10000 	C:\WINDOWS\System32\IMM32.DLL
0x0000000050f70000 - 0x0000000051042000 	C:\Program Files\Java\jdk1.8.0_231\jre\bin\msvcr100.dll
0x00000000506c0000 - 0x0000000050f66000 	C:\Program Files\Java\jdk1.8.0_231\jre\bin\server\jvm.dll
0x00007ffbb8ca0000 - 0x00007ffbb8ca8000 	C:\WINDOWS\System32\PSAPI.DLL
0x00007ffbb4b30000 - 0x00007ffbb4b3a000 	C:\WINDOWS\SYSTEM32\VERSION.dll
0x00007ffbb3130000 - 0x00007ffbb3157000 	C:\WINDOWS\SYSTEM32\WINMM.dll
0x00007ffba1e30000 - 0x00007ffba1e39000 	C:\WINDOWS\SYSTEM32\WSOCK32.dll
0x00007ffbb8dd0000 - 0x00007ffbb8e3b000 	C:\WINDOWS\System32\WS2_32.dll
0x00007ffba4fd0000 - 0x00007ffba4fdf000 	C:\Program Files\Java\jdk1.8.0_231\jre\bin\verify.dll
0x00007ffba30d0000 - 0x00007ffba30f9000 	C:\Program Files\Java\jdk1.8.0_231\jre\bin\java.dll
0x00007ffb8c210000 - 0x00007ffb8c245000 	C:\Program Files\Java\jdk1.8.0_231\jre\bin\jdwp.dll
0x00007ffba4fc0000 - 0x00007ffba4fc8000 	C:\Program Files\Java\jdk1.8.0_231\jre\bin\npt.dll
0x00007ffba2570000 - 0x00007ffba2593000 	C:\Program Files\Java\jdk1.8.0_231\jre\bin\instrument.dll
0x00007ffb99850000 - 0x00007ffb99866000 	C:\Program Files\Java\jdk1.8.0_231\jre\bin\zip.dll
0x00007ffbb7490000 - 0x00007ffbb7bd5000 	C:\WINDOWS\System32\SHELL32.dll
0x00007ffbb3160000 - 0x00007ffbb38f2000 	C:\WINDOWS\SYSTEM32\windows.storage.dll
0x00007ffbb85f0000 - 0x00007ffbb8945000 	C:\WINDOWS\System32\combase.dll
0x00007ffbb6080000 - 0x00007ffbb60b0000 	C:\WINDOWS\SYSTEM32\Wldp.dll
0x00007ffbb73e0000 - 0x00007ffbb748d000 	C:\WINDOWS\System32\SHCORE.dll
0x00007ffbb8d70000 - 0x00007ffbb8dc5000 	C:\WINDOWS\System32\shlwapi.dll
0x00007ffbb6640000 - 0x00007ffbb665f000 	C:\WINDOWS\SYSTEM32\profapi.dll
0x00007ffba4fb0000 - 0x00007ffba4fb9000 	C:\Program Files\Java\jdk1.8.0_231\jre\bin\dt_socket.dll
0x00007ffbb2a20000 - 0x00007ffbb2a37000 	C:\WINDOWS\system32\napinsp.dll
0x00007ffbb29f0000 - 0x00007ffbb2a0b000 	C:\WINDOWS\system32\pnrpnsp.dll
0x00007ffbb29d0000 - 0x00007ffbb29e5000 	C:\WINDOWS\system32\wshbth.dll
0x00007ffbb29b0000 - 0x00007ffbb29cd000 	C:\WINDOWS\system32\NLAapi.dll
0x00007ffbb4ad0000 - 0x00007ffbb4b0b000 	C:\WINDOWS\SYSTEM32\IPHLPAPI.DLL
0x00007ffbb56c0000 - 0x00007ffbb572a000 	C:\WINDOWS\System32\mswsock.dll
0x00007ffbb4770000 - 0x00007ffbb483b000 	C:\WINDOWS\SYSTEM32\DNSAPI.dll
0x00007ffbb7cd0000 - 0x00007ffbb7cd8000 	C:\WINDOWS\System32\NSI.dll
0x00007ffbb2990000 - 0x00007ffbb29a2000 	C:\WINDOWS\System32\winrnr.dll
0x00007ffbb0090000 - 0x00007ffbb0110000 	C:\WINDOWS\System32\fwpuclnt.dll
0x00007ffbb6b20000 - 0x00007ffbb6b47000 	C:\WINDOWS\System32\bcrypt.dll
0x00007ffbab500000 - 0x00007ffbab50a000 	C:\Windows\System32\rasadhlp.dll
0x00007ffba2640000 - 0x00007ffba264d000 	C:\Program Files\Java\jdk1.8.0_231\jre\bin\management.dll
0x00007ffb8c1f0000 - 0x00007ffb8c20a000 	C:\Program Files\Java\jdk1.8.0_231\jre\bin\net.dll
0x00007ffb7e360000 - 0x00007ffb7e372000 	C:\Program Files\Java\jdk1.8.0_231\jre\bin\nio.dll
0x00007ffbb5fd0000 - 0x00007ffbb5fe8000 	C:\WINDOWS\SYSTEM32\CRYPTSP.dll
0x00000000538f0000 - 0x0000000053909000 	C:\Program Files\Common Files\Crypto Pro\AppCompat\cpadvai.dll
0x00007ffbb3c80000 - 0x00007ffbb3cb4000 	C:\WINDOWS\system32\rsaenh.dll
0x00007ffbb65c0000 - 0x00007ffbb65ee000 	C:\WINDOWS\SYSTEM32\USERENV.dll
0x00007ffbb6fc0000 - 0x00007ffbb7042000 	C:\WINDOWS\System32\bcryptprimitives.dll
0x00007ffbb5ff0000 - 0x00007ffbb5ffc000 	C:\WINDOWS\SYSTEM32\CRYPTBASE.dll
0x00007ffbafcf0000 - 0x00007ffbafd07000 	C:\WINDOWS\SYSTEM32\dhcpcsvc6.DLL
0x00007ffbafcd0000 - 0x00007ffbafced000 	C:\WINDOWS\SYSTEM32\dhcpcsvc.DLL
0x00007ffb7e330000 - 0x00007ffb7e354000 	C:\Program Files\Java\jdk1.8.0_231\jre\bin\sunec.dll
0x00007ffb97d60000 - 0x00007ffb97d6b000 	C:\Program Files\Java\jdk1.8.0_231\jre\bin\sunmscapi.dll
0x00007ffbb6c00000 - 0x00007ffbb6d56000 	C:\WINDOWS\System32\CRYPT32.dll
0x0000000053910000 - 0x0000000053935000 	C:\Program Files\Common Files\Crypto Pro\AppCompat\cpcrypt.dll

VM Arguments:
jvm_args: -agentlib:jdwp=transport=dt_socket,suspend=y,address=localhost:52925 -javaagent:C:\Users\asy23\Documents\Tools\eclipse-jee-2022-06-R-win32-x86_64\eclipse\configuration\org.eclipse.osgi\407\0\.cp\lib\javaagent-shaded.jar -Dfile.encoding=UTF-8 
java_command: ru.sartfoms.moattach.MoAttachApplication
java_class_path (initial): C:\Users\asy23\eclipse-workspace\mo_attachment\target\classes;C:\Users\asy23\.m2\repository\org\springframework\boot\spring-boot-starter-data-jpa\2.7.13\spring-boot-starter-data-jpa-2.7.13.jar;C:\Users\asy23\.m2\repository\org\springframework\boot\spring-boot-starter-aop\2.7.13\spring-boot-starter-aop-2.7.13.jar;C:\Users\asy23\.m2\repository\org\aspectj\aspectjweaver\1.9.7\aspectjweaver-1.9.7.jar;C:\Users\asy23\.m2\repository\org\springframework\boot\spring-boot-starter-jdbc\2.7.13\spring-boot-starter-jdbc-2.7.13.jar;C:\Users\asy23\.m2\repository\com\zaxxer\HikariCP\4.0.3\HikariCP-4.0.3.jar;C:\Users\asy23\.m2\repository\org\springframework\spring-jdbc\5.3.28\spring-jdbc-5.3.28.jar;C:\Users\asy23\.m2\repository\jakarta\transaction\jakarta.transaction-api\1.3.3\jakarta.transaction-api-1.3.3.jar;C:\Users\asy23\.m2\repository\jakarta\persistence\jakarta.persistence-api\2.2.3\jakarta.persistence-api-2.2.3.jar;C:\Users\asy23\.m2\repository\org\hibernate\hibernate-core\5.6.15.Final\hibernate-core-5.6.15.Final.jar;C:\Users\asy23\.m2\repository\org\jboss\logging\jboss-logging\3.4.3.Final\jboss-logging-3.4.3.Final.jar;C:\Users\asy23\.m2\repository\net\bytebuddy\byte-buddy\1.12.23\byte-buddy-1.12.23.jar;C:\Users\asy23\.m2\repository\antlr\antlr\2.7.7\antlr-2.7.7.jar;C:\Users\asy23\.m2\repository\org\jboss\jandex\2.4.2.Final\jandex-2.4.2.Final.jar;C:\Users\asy23\.m2\repository\com\fasterxml\classmate\1.5.1\classmate-1.5.1.jar;C:\Users\asy23\.m2\repository\org\hibernate\common\hibernate-commons-annotations\5.1.2.Final\hibernate-commons-annotations-5.1.2.Final.jar;C:\Users\asy23\.m2\repository\org\glassfish\jaxb\jaxb-runtime\2.3.8\jaxb-runtime-2.3.8.jar;C:\Users\asy23\.m2\repository\org\glassfish\jaxb\txw2\2.3.8\txw2-2.3.8.jar;C:\Users\asy23\.m2\repository\com\sun\istack\istack-commons-runtime\3.0.12\istack-commons-runtime-3.0.12.jar;C:\Users\asy23\.m2\repository\com\sun\activation\jakarta.activation\1.2.2\jakarta.activation-1.2.2.jar;C:\Users\asy23\.
Launcher Type: SUN_STANDARD

Environment Variables:
JAVA_HOME=C:\Program Files\Java\jdk1.8.0_231
PATH=C:\Program Files\Java\jdk1.8.0_231\jre\bin;C:/Users/asy23/Documents/Tools/eclipse-jee-2022-06-R-win32-x86_64/eclipse//plugins/org.eclipse.justj.openjdk.hotspot.jre.full.win32.x86_64_17.0.3.v20220515-1416/jre/bin/server;C:/Users/asy23/Documents/Tools/eclipse-jee-2022-06-R-win32-x86_64/eclipse//plugins/org.eclipse.justj.openjdk.hotspot.jre.full.win32.x86_64_17.0.3.v20220515-1416/jre/bin;C:\Oracle\product\11.2.0\client\bin;C:\Program Files (x86)\Common Files\Oracle\Java\javapath;C:\WINDOWS\system32;C:\WINDOWS;C:\WINDOWS\System32\Wbem;C:\WINDOWS\System32\WindowsPowerShell\v1.0\;C:\WINDOWS\System32\OpenSSH\;C:\Users\asy23\Documents\Tools\apache-maven-3.8.6\bin;C:\Program Files\Git\cmd;C:\Users\asy23\Documents\Tools\apache-ant-1.10.12\bin;C:\Users\asy23\AppData\Local\Microsoft\WindowsApps;;C:\Users\asy23\Documents\Tools\eclipse-jee-2022-06-R-win32-x86_64\eclipse;
USERNAME=asy23
OS=Windows_NT
PROCESSOR_IDENTIFIER=Intel64 Family 6 Model 158 Stepping 11, GenuineIntel



---------------  S Y S T E M  ---------------

OS: Windows 10.0 , 64 bit Build 19041 (10.0.19041.2546)

CPU:total 4 (initial active 4) (4 cores per cpu, 1 threads per core) family 6 model 158 stepping 11, cmov, cx8, fxsr, mmx, sse, sse2, sse3, ssse3, sse4.1, sse4.2, popcnt, avx, avx2, aes, clmul, erms, 3dnowpref, lzcnt, tsc, tscinvbit, bmi1, bmi2, adx

Memory: 4k page, physical 16654740k(6901764k free), swap 19145108k(6547176k free)

vm_info: Java HotSpot(TM) 64-Bit Server VM (25.231-b11) for windows-amd64 JRE (1.8.0_231-b11), built on Oct  5 2019 03:11:30 by "java_re" with MS VC++ 10.0 (VS2010)

time: Tue Sep 05 16:09:56 2023
timezone: Саратов (зима)
elapsed time: 112 seconds (0d 0h 1m 52s)

